<?xml version="1.0" encoding="UTF-8"?>
<!-- Generated by org.testng.reporters.JUnitXMLReporter -->
<testsuite ignored="3" hostname="DESKTOP-25KQ22H" failures="0" tests="4" name="Test" time="0.1" errors="0" timestamp="2024-07-29T12:40:46 IST">
  <testcase classname="testng.test.TestNGDemo" name="testMethod5" time="0.019"/>
  <testcase classname="testng.test.TestNGDemo" name="testMethod7" time="0.003"/>
  <testcase classname="testng.test.TestNGDemo" name="testMethod2" time="0.004"/>
  <testcase classname="testng.test.TestNGDemo" name="testMethod6" time="0.004"/>
  <testcase classname="testng.test.TestNGDemo" name="testMethod3" time="0.0">
    <ignored/>
  </testcase> <!-- testMethod3 -->
  <testcase classname="testng.test.TestNGDemo" name="testMethod" time="0.0">
    <ignored/>
  </testcase> <!-- testMethod -->
  <testcase classname="testng.test.TestNGDemo" name="testMethod1" time="0.0">
    <ignored/>
  </testcase> <!-- testMethod1 -->
</testsuite> <!-- Test -->
